# JRE version: Java(TM) SE Runtime Environment (8.0_31-b13) (build 1.8.0_31-b13)
# Java VM: Java HotSpot(TM) 64-Bit Server VM (25.31-b07 mixed mode windows-amd64 compressed oops)
Heap:
 PSYoungGen      total 196608K, used 144615K [0x00000000d5c00000, 0x00000000e5300000, 0x0000000100000000)
  eden space 149504K, 87% used [0x00000000d5c00000,0x00000000ddc79d38,0x00000000dee00000)
  from space 47104K, 27% used [0x00000000dee00000,0x00000000dfac0000,0x00000000e1c00000)
  to   space 47104K, 0% used [0x00000000e2500000,0x00000000e2500000,0x00000000e5300000)
 ParOldGen       total 820736K, used 686950K [0x0000000081400000, 0x00000000b3580000, 0x00000000d5c00000)
  object space 820736K, 83% used [0x0000000081400000,0x00000000ab2d9a10,0x00000000b3580000)
 Metaspace       used 4172K, capacity 5292K, committed 5632K, reserved 1056768K
  class space    used 408K, capacity 424K, committed 512K, reserved 1048576K
GC Heap History (10 events):
Event: 243.488 GC heap before
{Heap before GC invocations=57 (full 4):
 PSYoungGen      total 186368K, used 176232K [0x00000000d5c00000, 0x00000000e3880000, 0x0000000100000000)
  eden space 148992K, 99% used [0x00000000d5c00000,0x00000000ded37090,0x00000000ded80000)
  from space 37376K, 73% used [0x00000000e1400000,0x00000000e2ee3010,0x00000000e3880000)
  to   space 38400K, 0% used [0x00000000ded80000,0x00000000ded80000,0x00000000e1300000)
 ParOldGen       total 820736K, used 541986K [0x0000000081400000, 0x00000000b3580000, 0x00000000d5c00000)
  object space 820736K, 66% used [0x0000000081400000,0x00000000a25489e0,0x00000000b3580000)
 Metaspace       used 3999K, capacity 5100K, committed 5376K, reserved 1056768K
  class space    used 401K, capacity 424K, committed 512K, reserved 1048576K
Event: 243.530 GC heap after
Heap after GC invocations=57 (full 4):
 PSYoungGen      total 187392K, used 30092K [0x00000000d5c00000, 0x00000000e3b00000, 0x0000000100000000)
  eden space 148992K, 0% used [0x00000000d5c00000,0x00000000d5c00000,0x00000000ded80000)
  from space 38400K, 78% used [0x00000000ded80000,0x00000000e0ae3020,0x00000000e1300000)
  to   space 38912K, 0% used [0x00000000e1500000,0x00000000e1500000,0x00000000e3b00000)
 ParOldGen       total 820736K, used 543466K [0x0000000081400000, 0x00000000b3580000, 0x00000000d5c00000)
  object space 820736K, 66% used [0x0000000081400000,0x00000000a26ba9e0,0x00000000b3580000)
 Metaspace       used 3999K, capacity 5100K, committed 5376K, reserved 1056768K
  class space    used 401K, capacity 424K, committed 512K, reserved 1048576K
}
Event: 243.607 GC heap before
{Heap before GC invocations=58 (full 4):
 PSYoungGen      total 187392K, used 179084K [0x00000000d5c00000, 0x00000000e3b00000, 0x0000000100000000)
  eden space 148992K, 100% used [0x00000000d5c00000,0x00000000ded80000,0x00000000ded80000)
  from space 38400K, 78% used [0x00000000ded80000,0x00000000e0ae3020,0x00000000e1300000)
  to   space 38912K, 0% used [0x00000000e1500000,0x00000000e1500000,0x00000000e3b00000)
 ParOldGen       total 820736K, used 543466K [0x0000000081400000, 0x00000000b3580000, 0x00000000d5c00000)
  object space 820736K, 66% used [0x0000000081400000,0x00000000a26ba9e0,0x00000000b3580000)
 Metaspace       used 4000K, capacity 5100K, committed 5376K, reserved 1056768K
  class space    used 401K, capacity 424K, committed 512K, reserved 1048576K
Event: 243.640 GC heap after
Heap after GC invocations=58 (full 4):
 PSYoungGen      total 182272K, used 38880K [0x00000000d5c00000, 0x00000000e4c00000, 0x0000000100000000)
  eden space 143360K, 0% used [0x00000000d5c00000,0x00000000d5c00000,0x00000000de800000)
  from space 38912K, 99% used [0x00000000e1500000,0x00000000e3af8010,0x00000000e3b00000)
  to   space 46080K, 0% used [0x00000000de800000,0x00000000de800000,0x00000000e1500000)
 ParOldGen       total 820736K, used 553478K [0x0000000081400000, 0x00000000b3580000, 0x00000000d5c00000)
  object space 820736K, 67% used [0x0000000081400000,0x00000000a30819f0,0x00000000b3580000)
 Metaspace       used 4000K, capacity 5100K, committed 5376K, reserved 1056768K
  class space    used 401K, capacity 424K, committed 512K, reserved 1048576K
}
Event: 243.715 GC heap before
{Heap before GC invocations=59 (full 4):
 PSYoungGen      total 182272K, used 182240K [0x00000000d5c00000, 0x00000000e4c00000, 0x0000000100000000)
  eden space 143360K, 100% used [0x00000000d5c00000,0x00000000de800000,0x00000000de800000)
  from space 38912K, 99% used [0x00000000e1500000,0x00000000e3af8010,0x00000000e3b00000)
  to   space 46080K, 0% used [0x00000000de800000,0x00000000de800000,0x00000000e1500000)
 ParOldGen       total 820736K, used 553478K [0x0000000081400000, 0x00000000b3580000, 0x00000000d5c00000)
  object space 820736K, 67% used [0x0000000081400000,0x00000000a30819f0,0x00000000b3580000)
 Metaspace       used 4000K, capacity 5100K, committed 5376K, reserved 1056768K
  class space    used 401K, capacity 424K, committed 512K, reserved 1048576K
Event: 243.754 GC heap after
Heap after GC invocations=59 (full 4):
 PSYoungGen      total 189440K, used 14592K [0x00000000d5c00000, 0x00000000e4980000, 0x0000000100000000)
  eden space 143360K, 0% used [0x00000000d5c00000,0x00000000d5c00000,0x00000000de800000)
  from space 46080K, 31% used [0x00000000de800000,0x00000000df640000,0x00000000e1500000)
  to   space 46592K, 0% used [0x00000000e1c00000,0x00000000e1c00000,0x00000000e4980000)
 ParOldGen       total 820736K, used 599430K [0x0000000081400000, 0x00000000b3580000, 0x00000000d5c00000)
  object space 820736K, 73% used [0x0000000081400000,0x00000000a5d61a00,0x00000000b3580000)
 Metaspace       used 4000K, capacity 5100K, committed 5376K, reserved 1056768K
  class space    used 401K, capacity 424K, committed 512K, reserved 1048576K
}
Event: 243.806 GC heap before
{Heap before GC invocations=60 (full 4):
 PSYoungGen      total 189440K, used 157952K [0x00000000d5c00000, 0x00000000e4980000, 0x0000000100000000)
  eden space 143360K, 100% used [0x00000000d5c00000,0x00000000de800000,0x00000000de800000)
  from space 46080K, 31% used [0x00000000de800000,0x00000000df640000,0x00000000e1500000)
  to   space 46592K, 0% used [0x00000000e1c00000,0x00000000e1c00000,0x00000000e4980000)
 ParOldGen       total 820736K, used 599430K [0x0000000081400000, 0x00000000b3580000, 0x00000000d5c00000)
  object space 820736K, 73% used [0x0000000081400000,0x00000000a5d61a00,0x00000000b3580000)
 Metaspace       used 4000K, capacity 5100K, committed 5376K, reserved 1056768K
  class space    used 401K, capacity 424K, committed 512K, reserved 1048576K
Event: 243.871 GC heap after
Heap after GC invocations=60 (full 4):
 PSYoungGen      total 196096K, used 14624K [0x00000000d5c00000, 0x00000000e4d80000, 0x0000000100000000)
  eden space 149504K, 0% used [0x00000000d5c00000,0x00000000d5c00000,0x00000000dee00000)
  from space 46592K, 31% used [0x00000000e1c00000,0x00000000e2a48000,0x00000000e4980000)
  to   space 47104K, 0% used [0x00000000dee00000,0x00000000dee00000,0x00000000e1c00000)
 ParOldGen       total 820736K, used 685446K [0x0000000081400000, 0x00000000b3580000, 0x00000000d5c00000)
  object space 820736K, 83% used [0x0000000081400000,0x00000000ab161a10,0x00000000b3580000)
 Metaspace       used 4000K, capacity 5100K, committed 5376K, reserved 1056768K
  class space    used 401K, capacity 424K, committed 512K, reserved 1048576K
}
Event: 243.954 GC heap before
{Heap before GC invocations=61 (full 4):
 PSYoungGen      total 196096K, used 164128K [0x00000000d5c00000, 0x00000000e4d80000, 0x0000000100000000)
  eden space 149504K, 100% used [0x00000000d5c00000,0x00000000dee00000,0x00000000dee00000)
  from space 46592K, 31% used [0x00000000e1c00000,0x00000000e2a48000,0x00000000e4980000)
  to   space 47104K, 0% used [0x00000000dee00000,0x00000000dee00000,0x00000000e1c00000)
 ParOldGen       total 820736K, used 685446K [0x0000000081400000, 0x00000000b3580000, 0x00000000d5c00000)
  object space 820736K, 83% used [0x0000000081400000,0x00000000ab161a10,0x00000000b3580000)
 Metaspace       used 4000K, capacity 5100K, committed 5376K, reserved 1056768K
  class space    used 401K, capacity 424K, committed 512K, reserved 1048576K
Event: 243.974 GC heap after
Heap after GC invocations=61 (full 4):
 PSYoungGen      total 196608K, used 13056K [0x00000000d5c00000, 0x00000000e5300000, 0x0000000100000000)
  eden space 149504K, 0% used [0x00000000d5c00000,0x00000000d5c00000,0x00000000dee00000)
  from space 47104K, 27% used [0x00000000dee00000,0x00000000dfac0000,0x00000000e1c00000)
  to   space 47104K, 0% used [0x00000000e2500000,0x00000000e2500000,0x00000000e5300000)
 ParOldGen       total 820736K, used 686950K [0x0000000081400000, 0x00000000b3580000, 0x00000000d5c00000)
  object space 820736K, 83% used [0x0000000081400000,0x00000000ab2d9a10,0x00000000b3580000)
 Metaspace       used 4000K, capacity 5100K, committed 5376K, reserved 1056768K
  class space    used 401K, capacity 424K, committed 512K, reserved 1048576K
}

