# JRE version: Java(TM) SE Runtime Environment (8.0_31-b13) (build 1.8.0_31-b13)
# Java VM: Java HotSpot(TM) 64-Bit Server VM (25.31-b07 mixed mode windows-amd64 compressed oops)
Heap:
 PSYoungGen      total 194560K, used 60672K [0x00000000d5c00000, 0x00000000e4200000, 0x0000000100000000)
  eden space 153088K, 21% used [0x00000000d5c00000,0x00000000d7b652d8,0x00000000df180000)
  from space 41472K, 68% used [0x00000000df180000,0x00000000e0d5b010,0x00000000e1a00000)
  to   space 40448K, 0% used [0x00000000e1a80000,0x00000000e1a80000,0x00000000e4200000)
 ParOldGen       total 820736K, used 541952K [0x0000000081400000, 0x00000000b3580000, 0x00000000d5c00000)
  object space 820736K, 66% used [0x0000000081400000,0x00000000a25400e8,0x00000000b3580000)
 Metaspace       used 4121K, capacity 5228K, committed 5376K, reserved 1056768K
  class space    used 406K, capacity 424K, committed 512K, reserved 1048576K
GC Heap History (10 events):
Event: 219.881 GC heap before
{Heap before GC invocations=51 (full 4):
 PSYoungGen      total 195072K, used 177900K [0x00000000d5c00000, 0x00000000e4880000, 0x0000000100000000)
  eden space 150016K, 100% used [0x00000000d5c00000,0x00000000dee80000,0x00000000dee80000)
  from space 45056K, 61% used [0x00000000e1c80000,0x00000000e37bb010,0x00000000e4880000)
  to   space 46080K, 0% used [0x00000000dee80000,0x00000000dee80000,0x00000000e1b80000)
 ParOldGen       total 820736K, used 534336K [0x0000000081400000, 0x00000000b3580000, 0x00000000d5c00000)
  object space 820736K, 65% used [0x0000000081400000,0x00000000a1dd00e8,0x00000000b3580000)
 Metaspace       used 3919K, capacity 5036K, committed 5376K, reserved 1056768K
  class space    used 400K, capacity 424K, committed 512K, reserved 1048576K
Event: 219.915 GC heap after
Heap after GC invocations=51 (full 4):
 PSYoungGen      total 196096K, used 27980K [0x00000000d5c00000, 0x00000000e4700000, 0x0000000100000000)
  eden space 150016K, 0% used [0x00000000d5c00000,0x00000000d5c00000,0x00000000dee80000)
  from space 46080K, 60% used [0x00000000dee80000,0x00000000e09d3010,0x00000000e1b80000)
  to   space 44544K, 0% used [0x00000000e1b80000,0x00000000e1b80000,0x00000000e4700000)
 ParOldGen       total 820736K, used 535840K [0x0000000081400000, 0x00000000b3580000, 0x00000000d5c00000)
  object space 820736K, 65% used [0x0000000081400000,0x00000000a1f480e8,0x00000000b3580000)
 Metaspace       used 3919K, capacity 5036K, committed 5376K, reserved 1056768K
  class space    used 400K, capacity 424K, committed 512K, reserved 1048576K
}
Event: 221.768 GC heap before
{Heap before GC invocations=52 (full 4):
 PSYoungGen      total 196096K, used 177996K [0x00000000d5c00000, 0x00000000e4700000, 0x0000000100000000)
  eden space 150016K, 100% used [0x00000000d5c00000,0x00000000dee80000,0x00000000dee80000)
  from space 46080K, 60% used [0x00000000dee80000,0x00000000e09d3010,0x00000000e1b80000)
  to   space 44544K, 0% used [0x00000000e1b80000,0x00000000e1b80000,0x00000000e4700000)
 ParOldGen       total 820736K, used 535840K [0x0000000081400000, 0x00000000b3580000, 0x00000000d5c00000)
  object space 820736K, 65% used [0x0000000081400000,0x00000000a1f480e8,0x00000000b3580000)
 Metaspace       used 3919K, capacity 5036K, committed 5376K, reserved 1056768K
  class space    used 400K, capacity 424K, committed 512K, reserved 1048576K
Event: 221.803 GC heap after
Heap after GC invocations=52 (full 4):
 PSYoungGen      total 194048K, used 28044K [0x00000000d5c00000, 0x00000000e4500000, 0x0000000100000000)
  eden space 151552K, 0% used [0x00000000d5c00000,0x00000000d5c00000,0x00000000df000000)
  from space 42496K, 65% used [0x00000000e1b80000,0x00000000e36e3010,0x00000000e4500000)
  to   space 43520K, 0% used [0x00000000df000000,0x00000000df000000,0x00000000e1a80000)
 ParOldGen       total 820736K, used 537352K [0x0000000081400000, 0x00000000b3580000, 0x00000000d5c00000)
  object space 820736K, 65% used [0x0000000081400000,0x00000000a20c20e8,0x00000000b3580000)
 Metaspace       used 3919K, capacity 5036K, committed 5376K, reserved 1056768K
  class space    used 400K, capacity 424K, committed 512K, reserved 1048576K
}
Event: 223.694 GC heap before
{Heap before GC invocations=53 (full 4):
 PSYoungGen      total 194048K, used 179596K [0x00000000d5c00000, 0x00000000e4500000, 0x0000000100000000)
  eden space 151552K, 100% used [0x00000000d5c00000,0x00000000df000000,0x00000000df000000)
  from space 42496K, 65% used [0x00000000e1b80000,0x00000000e36e3010,0x00000000e4500000)
  to   space 43520K, 0% used [0x00000000df000000,0x00000000df000000,0x00000000e1a80000)
 ParOldGen       total 820736K, used 537352K [0x0000000081400000, 0x00000000b3580000, 0x00000000d5c00000)
  object space 820736K, 65% used [0x0000000081400000,0x00000000a20c20e8,0x00000000b3580000)
 Metaspace       used 3919K, capacity 5036K, committed 5376K, reserved 1056768K
  class space    used 400K, capacity 424K, committed 512K, reserved 1048576K
Event: 223.728 GC heap after
Heap after GC invocations=53 (full 4):
 PSYoungGen      total 195072K, used 28204K [0x00000000d5c00000, 0x00000000e4480000, 0x0000000100000000)
  eden space 151552K, 0% used [0x00000000d5c00000,0x00000000d5c00000,0x00000000df000000)
  from space 43520K, 64% used [0x00000000df000000,0x00000000e0b8b010,0x00000000e1a80000)
  to   space 42496K, 0% used [0x00000000e1b00000,0x00000000e1b00000,0x00000000e4480000)
 ParOldGen       total 820736K, used 538872K [0x0000000081400000, 0x00000000b3580000, 0x00000000d5c00000)
  object space 820736K, 65% used [0x0000000081400000,0x00000000a223e0e8,0x00000000b3580000)
 Metaspace       used 3919K, capacity 5036K, committed 5376K, reserved 1056768K
  class space    used 400K, capacity 424K, committed 512K, reserved 1048576K
}
Event: 225.484 GC heap before
{Heap before GC invocations=54 (full 4):
 PSYoungGen      total 195072K, used 179756K [0x00000000d5c00000, 0x00000000e4480000, 0x0000000100000000)
  eden space 151552K, 100% used [0x00000000d5c00000,0x00000000df000000,0x00000000df000000)
  from space 43520K, 64% used [0x00000000df000000,0x00000000e0b8b010,0x00000000e1a80000)
  to   space 42496K, 0% used [0x00000000e1b00000,0x00000000e1b00000,0x00000000e4480000)
 ParOldGen       total 820736K, used 538872K [0x0000000081400000, 0x00000000b3580000, 0x00000000d5c00000)
  object space 820736K, 65% used [0x0000000081400000,0x00000000a223e0e8,0x00000000b3580000)
 Metaspace       used 3919K, capacity 5036K, committed 5376K, reserved 1056768K
  class space    used 400K, capacity 424K, committed 512K, reserved 1048576K
Event: 225.521 GC heap after
Heap after GC invocations=54 (full 4):
 PSYoungGen      total 193536K, used 28364K [0x00000000d5c00000, 0x00000000e4280000, 0x0000000100000000)
  eden space 153088K, 0% used [0x00000000d5c00000,0x00000000d5c00000,0x00000000df180000)
  from space 40448K, 70% used [0x00000000e1b00000,0x00000000e36b3010,0x00000000e4280000)
  to   space 41472K, 0% used [0x00000000df180000,0x00000000df180000,0x00000000e1a00000)
 ParOldGen       total 820736K, used 540408K [0x0000000081400000, 0x00000000b3580000, 0x00000000d5c00000)
  object space 820736K, 65% used [0x0000000081400000,0x00000000a23be0e8,0x00000000b3580000)
 Metaspace       used 3919K, capacity 5036K, committed 5376K, reserved 1056768K
  class space    used 400K, capacity 424K, committed 512K, reserved 1048576K
}
Event: 227.346 GC heap before
{Heap before GC invocations=55 (full 4):
 PSYoungGen      total 193536K, used 181452K [0x00000000d5c00000, 0x00000000e4280000, 0x0000000100000000)
  eden space 153088K, 100% used [0x00000000d5c00000,0x00000000df180000,0x00000000df180000)
  from space 40448K, 70% used [0x00000000e1b00000,0x00000000e36b3010,0x00000000e4280000)
  to   space 41472K, 0% used [0x00000000df180000,0x00000000df180000,0x00000000e1a00000)
 ParOldGen       total 820736K, used 540408K [0x0000000081400000, 0x00000000b3580000, 0x00000000d5c00000)
  object space 820736K, 65% used [0x0000000081400000,0x00000000a23be0e8,0x00000000b3580000)
 Metaspace       used 3919K, capacity 5036K, committed 5376K, reserved 1056768K
  class space    used 400K, capacity 424K, committed 512K, reserved 1048576K
Event: 227.380 GC heap after
Heap after GC invocations=55 (full 4):
 PSYoungGen      total 194560K, used 28524K [0x00000000d5c00000, 0x00000000e4200000, 0x0000000100000000)
  eden space 153088K, 0% used [0x00000000d5c00000,0x00000000d5c00000,0x00000000df180000)
  from space 41472K, 68% used [0x00000000df180000,0x00000000e0d5b010,0x00000000e1a00000)
  to   space 40448K, 0% used [0x00000000e1a80000,0x00000000e1a80000,0x00000000e4200000)
 ParOldGen       total 820736K, used 541952K [0x0000000081400000, 0x00000000b3580000, 0x00000000d5c00000)
  object space 820736K, 66% used [0x0000000081400000,0x00000000a25400e8,0x00000000b3580000)
 Metaspace       used 3919K, capacity 5036K, committed 5376K, reserved 1056768K
  class space    used 400K, capacity 424K, committed 512K, reserved 1048576K
}

