# JRE version: Java(TM) SE Runtime Environment (8.0_31-b13) (build 1.8.0_31-b13)
# Java VM: Java HotSpot(TM) 64-Bit Server VM (25.31-b07 mixed mode windows-amd64 compressed oops)
Heap:
 PSYoungGen      total 213504K, used 188074K [0x00000000d5c00000, 0x00000000f1b80000, 0x0000000100000000)
  eden space 105984K, 76% used [0x00000000d5c00000,0x00000000daab2700,0x00000000dc380000)
  from space 107520K, 99% used [0x00000000dc380000,0x00000000e2c78468,0x00000000e2c80000)
  to   space 161280K, 0% used [0x00000000e7e00000,0x00000000e7e00000,0x00000000f1b80000)
 ParOldGen       total 477184K, used 334355K [0x0000000081400000, 0x000000009e600000, 0x00000000d5c00000)
  object space 477184K, 70% used [0x0000000081400000,0x0000000095a84ce8,0x000000009e600000)
 Metaspace       used 4074K, capacity 5292K, committed 5632K, reserved 1056768K
  class space    used 405K, capacity 424K, committed 512K, reserved 1048576K
GC Heap History (10 events):
Event: 1.502 GC heap before
{Heap before GC invocations=6 (full 2):
 PSYoungGen      total 71680K, used 66560K [0x00000000d5c00000, 0x00000000dc100000, 0x0000000100000000)
  eden space 66560K, 100% used [0x00000000d5c00000,0x00000000d9d00000,0x00000000d9d00000)
  from space 5120K, 0% used [0x00000000d9d00000,0x00000000d9d00000,0x00000000da200000)
  to   space 5120K, 0% used [0x00000000dbc00000,0x00000000dbc00000,0x00000000dc100000)
 ParOldGen       total 267264K, used 120481K [0x0000000081400000, 0x0000000091900000, 0x00000000d5c00000)
  object space 267264K, 45% used [0x0000000081400000,0x00000000889a8550,0x0000000091900000)
 Metaspace       used 3560K, capacity 4844K, committed 5120K, reserved 1056768K
  class space    used 384K, capacity 424K, committed 512K, reserved 1048576K
Event: 1.554 GC heap after
Heap after GC invocations=6 (full 2):
 PSYoungGen      total 90112K, used 5120K [0x00000000d5c00000, 0x00000000dc100000, 0x0000000100000000)
  eden space 84992K, 0% used [0x00000000d5c00000,0x00000000d5c00000,0x00000000daf00000)
  from space 5120K, 100% used [0x00000000dbc00000,0x00000000dc100000,0x00000000dc100000)
  to   space 5120K, 0% used [0x00000000db700000,0x00000000db700000,0x00000000dbc00000)
 ParOldGen       total 267264K, used 177649K [0x0000000081400000, 0x0000000091900000, 0x00000000d5c00000)
  object space 267264K, 66% used [0x0000000081400000,0x000000008c17c550,0x0000000091900000)
 Metaspace       used 3560K, capacity 4844K, committed 5120K, reserved 1056768K
  class space    used 384K, capacity 424K, committed 512K, reserved 1048576K
}
Event: 1.575 GC heap before
{Heap before GC invocations=7 (full 2):
 PSYoungGen      total 90112K, used 90112K [0x00000000d5c00000, 0x00000000dc100000, 0x0000000100000000)
  eden space 84992K, 100% used [0x00000000d5c00000,0x00000000daf00000,0x00000000daf00000)
  from space 5120K, 100% used [0x00000000dbc00000,0x00000000dc100000,0x00000000dc100000)
  to   space 5120K, 0% used [0x00000000db700000,0x00000000db700000,0x00000000dbc00000)
 ParOldGen       total 267264K, used 177649K [0x0000000081400000, 0x0000000091900000, 0x00000000d5c00000)
  object space 267264K, 66% used [0x0000000081400000,0x000000008c17c550,0x0000000091900000)
 Metaspace       used 3560K, capacity 4844K, committed 5120K, reserved 1056768K
  class space    used 384K, capacity 424K, committed 512K, reserved 1048576K
Event: 1.650 GC heap after
Heap after GC invocations=7 (full 2):
 PSYoungGen      total 98304K, used 5120K [0x00000000d5c00000, 0x00000000e8a00000, 0x0000000100000000)
  eden space 93184K, 0% used [0x00000000d5c00000,0x00000000d5c00000,0x00000000db700000)
  from space 5120K, 100% used [0x00000000db700000,0x00000000dbc00000,0x00000000dbc00000)
  to   space 95744K, 0% used [0x00000000e2c80000,0x00000000e2c80000,0x00000000e8a00000)
 ParOldGen       total 267264K, used 257193K [0x0000000081400000, 0x0000000091900000, 0x00000000d5c00000)
  object space 267264K, 96% used [0x0000000081400000,0x0000000090f2a550,0x0000000091900000)
 Metaspace       used 3560K, capacity 4844K, committed 5120K, reserved 1056768K
  class space    used 384K, capacity 424K, committed 512K, reserved 1048576K
}
Event: 1.650 GC heap before
{Heap before GC invocations=8 (full 3):
 PSYoungGen      total 98304K, used 5120K [0x00000000d5c00000, 0x00000000e8a00000, 0x0000000100000000)
  eden space 93184K, 0% used [0x00000000d5c00000,0x00000000d5c00000,0x00000000db700000)
  from space 5120K, 100% used [0x00000000db700000,0x00000000dbc00000,0x00000000dbc00000)
  to   space 95744K, 0% used [0x00000000e2c80000,0x00000000e2c80000,0x00000000e8a00000)
 ParOldGen       total 267264K, used 257193K [0x0000000081400000, 0x0000000091900000, 0x00000000d5c00000)
  object space 267264K, 96% used [0x0000000081400000,0x0000000090f2a550,0x0000000091900000)
 Metaspace       used 3560K, capacity 4844K, committed 5120K, reserved 1056768K
  class space    used 384K, capacity 424K, committed 512K, reserved 1048576K
Event: 2.722 GC heap after
Heap after GC invocations=8 (full 3):
 PSYoungGen      total 98304K, used 0K [0x00000000d5c00000, 0x00000000e8a00000, 0x0000000100000000)
  eden space 93184K, 0% used [0x00000000d5c00000,0x00000000d5c00000,0x00000000db700000)
  from space 5120K, 0% used [0x00000000db700000,0x00000000db700000,0x00000000dbc00000)
  to   space 95744K, 0% used [0x00000000e2c80000,0x00000000e2c80000,0x00000000e8a00000)
 ParOldGen       total 477184K, used 261203K [0x0000000081400000, 0x000000009e600000, 0x00000000d5c00000)
  object space 477184K, 54% used [0x0000000081400000,0x0000000091314ce8,0x000000009e600000)
 Metaspace       used 3560K, capacity 4844K, committed 5120K, reserved 1056768K
  class space    used 384K, capacity 424K, committed 512K, reserved 1048576K
}
Event: 2.743 GC heap before
{Heap before GC invocations=9 (full 3):
 PSYoungGen      total 98304K, used 93184K [0x00000000d5c00000, 0x00000000e8a00000, 0x0000000100000000)
  eden space 93184K, 100% used [0x00000000d5c00000,0x00000000db700000,0x00000000db700000)
  from space 5120K, 0% used [0x00000000db700000,0x00000000db700000,0x00000000dbc00000)
  to   space 95744K, 0% used [0x00000000e2c80000,0x00000000e2c80000,0x00000000e8a00000)
 ParOldGen       total 477184K, used 261203K [0x0000000081400000, 0x000000009e600000, 0x00000000d5c00000)
  object space 477184K, 54% used [0x0000000081400000,0x0000000091314ce8,0x000000009e600000)
 Metaspace       used 3560K, capacity 4844K, committed 5120K, reserved 1056768K
  class space    used 384K, capacity 424K, committed 512K, reserved 1048576K
Event: 2.802 GC heap after
Heap after GC invocations=9 (full 3):
 PSYoungGen      total 201728K, used 86816K [0x00000000d5c00000, 0x00000000ea480000, 0x0000000100000000)
  eden space 105984K, 0% used [0x00000000d5c00000,0x00000000d5c00000,0x00000000dc380000)
  from space 95744K, 90% used [0x00000000e2c80000,0x00000000e8148000,0x00000000e8a00000)
  to   space 107520K, 0% used [0x00000000dc380000,0x00000000dc380000,0x00000000e2c80000)
 ParOldGen       total 477184K, used 261203K [0x0000000081400000, 0x000000009e600000, 0x00000000d5c00000)
  object space 477184K, 54% used [0x0000000081400000,0x0000000091314ce8,0x000000009e600000)
 Metaspace       used 3560K, capacity 4844K, committed 5120K, reserved 1056768K
  class space    used 384K, capacity 424K, committed 512K, reserved 1048576K
}
Event: 3.153 GC heap before
{Heap before GC invocations=10 (full 3):
 PSYoungGen      total 201728K, used 192800K [0x00000000d5c00000, 0x00000000ea480000, 0x0000000100000000)
  eden space 105984K, 100% used [0x00000000d5c00000,0x00000000dc380000,0x00000000dc380000)
  from space 95744K, 90% used [0x00000000e2c80000,0x00000000e8148000,0x00000000e8a00000)
  to   space 107520K, 0% used [0x00000000dc380000,0x00000000dc380000,0x00000000e2c80000)
 ParOldGen       total 477184K, used 261203K [0x0000000081400000, 0x000000009e600000, 0x00000000d5c00000)
  object space 477184K, 54% used [0x0000000081400000,0x0000000091314ce8,0x000000009e600000)
 Metaspace       used 3699K, capacity 4908K, committed 5120K, reserved 1056768K
  class space    used 396K, capacity 424K, committed 512K, reserved 1048576K
Event: 3.250 GC heap after
Heap after GC invocations=10 (full 3):
 PSYoungGen      total 213504K, used 107489K [0x00000000d5c00000, 0x00000000f1b80000, 0x0000000100000000)
  eden space 105984K, 0% used [0x00000000d5c00000,0x00000000d5c00000,0x00000000dc380000)
  from space 107520K, 99% used [0x00000000dc380000,0x00000000e2c78468,0x00000000e2c80000)
  to   space 161280K, 0% used [0x00000000e7e00000,0x00000000e7e00000,0x00000000f1b80000)
 ParOldGen       total 477184K, used 334355K [0x0000000081400000, 0x000000009e600000, 0x00000000d5c00000)
  object space 477184K, 70% used [0x0000000081400000,0x0000000095a84ce8,0x000000009e600000)
 Metaspace       used 3699K, capacity 4908K, committed 5120K, reserved 1056768K
  class space    used 396K, capacity 424K, committed 512K, reserved 1048576K
}

